<?xml version="1.0" encoding="UTF-8"?>
<!-- Generated by org.testng.reporters.JUnitXMLReporter -->
<testsuite ignored="0" hostname="RULEL063" failures="0" tests="1" name="Test" time="31.284" errors="0" timestamp="17 Jul 2019 09:23:26 GMT">
  <testcase classname="com.utilities.Base" name="@AfterMethod setResult" time="0.003">
    <failure type="java.lang.NullPointerException">
      <![CDATA[java.lang.NullPointerException
at com.utilities.Base.setResult(Base.java:529)
... Removed 28 stack frames]]>
    </failure>
  </testcase> <!-- @AfterMethod setResult -->
  <testcase classname="whms.tests.AMCProfileTests" name="createAMCProfileYardTest" time="22.938"/>
</testsuite> <!-- Test -->
