<?xml version="1.0" encoding="UTF-8"?>
<testng-results ignored="0" total="1" passed="1" failed="0" skipped="0">
  <reporter-output>
  </reporter-output>
  <suite started-at="2019-07-17T09:22:54Z" name="Suite" finished-at="2019-07-17T09:23:26Z" duration-ms="31284">
    <groups>
    </groups>
    <test started-at="2019-07-17T09:22:54Z" name="Test" finished-at="2019-07-17T09:23:26Z" duration-ms="31284">
      <class name="whms.tests.AMCProfileTests">
        <test-method is-config="true" signature="setExtent()[pri:0, instance:whms.tests.AMCProfileTests@273e7444]" started-at="2019-07-17T09:22:54Z" name="setExtent" finished-at="2019-07-17T09:22:54Z" duration-ms="94" status="PASS">
          <reporter-output>
          </reporter-output>
        </test-method> <!-- setExtent -->
        <test-method is-config="true" signature="setUp()[pri:0, instance:whms.tests.AMCProfileTests@273e7444]" started-at="2019-07-17T09:22:54Z" name="setUp" finished-at="2019-07-17T09:23:03Z" duration-ms="8320" status="PASS">
          <reporter-output>
          </reporter-output>
        </test-method> <!-- setUp -->
        <test-method signature="createAMCProfileYardTest()[pri:0, instance:whms.tests.AMCProfileTests@273e7444]" started-at="2019-07-17T09:23:03Z" name="createAMCProfileYardTest" finished-at="2019-07-17T09:23:26Z" duration-ms="22938" status="PASS">
          <reporter-output>
          </reporter-output>
        </test-method> <!-- createAMCProfileYardTest -->
        <test-method is-config="true" signature="setResult(org.testng.ITestResult)[pri:0, instance:whms.tests.AMCProfileTests@273e7444]" started-at="2019-07-17T09:23:26Z" name="setResult" finished-at="2019-07-17T09:23:26Z" duration-ms="3" status="FAIL">
          <params>
            <param index="0">
              <value>
                <![CDATA[[TestResult name=createAMCProfileYardTest status=SUCCESS method=AMCProfileTests.createAMCProfileYardTest()[pri:0, instance:whms.tests.AMCProfileTests@273e7444] output={null}]]]>
              </value>
            </param>
          </params>
          <exception class="java.lang.NullPointerException">
            <full-stacktrace>
              <![CDATA[java.lang.NullPointerException
at com.utilities.Base.setResult(Base.java:529)
at java.base/jdk.internal.reflect.NativeMethodAccessorImpl.invoke0(Native Method)
at java.base/jdk.internal.reflect.NativeMethodAccessorImpl.invoke(NativeMethodAccessorImpl.java:62)
at java.base/jdk.internal.reflect.DelegatingMethodAccessorImpl.invoke(DelegatingMethodAccessorImpl.java:43)
at java.base/java.lang.reflect.Method.invoke(Method.java:566)
at org.testng.internal.MethodInvocationHelper.invokeMethod(MethodInvocationHelper.java:124)
at org.testng.internal.MethodInvocationHelper.invokeMethodConsideringTimeout(MethodInvocationHelper.java:59)
at org.testng.internal.Invoker.invokeConfigurationMethod(Invoker.java:458)
at org.testng.internal.Invoker.invokeConfigurations(Invoker.java:222)
at org.testng.internal.Invoker.invokeMethod(Invoker.java:646)
at org.testng.internal.Invoker.invokeTestMethod(Invoker.java:719)
at org.testng.internal.Invoker.invokeTestMethods(Invoker.java:989)
at org.testng.internal.TestMethodWorker.invokeTestMethods(TestMethodWorker.java:125)
at org.testng.internal.TestMethodWorker.run(TestMethodWorker.java:109)
at org.testng.TestRunner.privateRun(TestRunner.java:648)
at org.testng.TestRunner.run(TestRunner.java:505)
at org.testng.SuiteRunner.runTest(SuiteRunner.java:455)
at org.testng.SuiteRunner.runSequentially(SuiteRunner.java:450)
at org.testng.SuiteRunner.privateRun(SuiteRunner.java:415)
at org.testng.SuiteRunner.run(SuiteRunner.java:364)
at org.testng.SuiteRunnerWorker.runSuite(SuiteRunnerWorker.java:52)
at org.testng.SuiteRunnerWorker.run(SuiteRunnerWorker.java:84)
at org.testng.TestNG.runSuitesSequentially(TestNG.java:1208)
at org.testng.TestNG.runSuitesLocally(TestNG.java:1137)
at org.testng.TestNG.runSuites(TestNG.java:1049)
at org.testng.TestNG.run(TestNG.java:1017)
at org.testng.remote.AbstractRemoteTestNG.run(AbstractRemoteTestNG.java:115)
at org.testng.remote.RemoteTestNG.initAndRun(RemoteTestNG.java:251)
at org.testng.remote.RemoteTestNG.main(RemoteTestNG.java:77)
]]>
            </full-stacktrace>
          </exception> <!-- java.lang.NullPointerException -->
          <reporter-output>
          </reporter-output>
        </test-method> <!-- setResult -->
        <test-method is-config="true" signature="endReport()[pri:0, instance:whms.tests.AMCProfileTests@273e7444]" started-at="2019-07-17T09:23:26Z" name="endReport" finished-at="2019-07-17T09:23:26Z" duration-ms="0" status="PASS">
          <reporter-output>
          </reporter-output>
        </test-method> <!-- endReport -->
      </class> <!-- whms.tests.AMCProfileTests -->
    </test> <!-- Test -->
  </suite> <!-- Suite -->
</testng-results>
